<?xml version="1.0" encoding="UTF-8"?>
<!-- Generated by org.testng.reporters.JUnitReportReporter -->
<testsuite hostname="DESKTOP-4II7HOP" failures="0" tests="1" name="com.automation.Generic.Base_class" time="5.289" errors="0" timestamp="2023-03-11T17:12:53 IST" skipped="0">
  <testcase classname="com.automation.Generic.Base_class" name="test" time="5.289"/>
  <system-out/>
</testsuite> <!-- com.automation.Generic.Base_class -->
