<?xml version="1.0" encoding="UTF-8"?>
<!-- Generated by org.testng.reporters.JUnitReportReporter -->
<testsuite hostname="DESKTOP-4II7HOP" failures="0" tests="1" name="com.automation.Test_scripts.Scenario_DWS_PriceComparison" time="53.891" errors="0" timestamp="2023-03-20T08:34:25 IST" skipped="0">
  <testcase classname="com.automation.Test_scripts.Scenario_DWS_PriceComparison" name="ts" time="53.891"/>
  <system-out/>
</testsuite> <!-- com.automation.Test_scripts.Scenario_DWS_PriceComparison -->
